-- without partitions __root_facet_result_nopart

DROP TABLE IF EXISTS `__root_facet_result_nopart`;
CREATE TABLE `__root_facet_result_nopart` (
  `row_no` BIGINT NULL COMMENT "",
  `start_time` datetime NULL COMMENT "",
  `hash_id` BIGINT NULL COMMENT "",
  `adomid` BIGINT NULL COMMENT "",
  `slot` INT NULL COMMENT "",
  `end_time` datetime NULL COMMENT "",
  `int0` INT NULL COMMENT "",
  `int1` INT NULL COMMENT "",
  `int2` INT NULL COMMENT "",
  `int3` INT NULL COMMENT "",
  `int4` INT NULL COMMENT "",
  `int5` INT NULL COMMENT "",
  `int6` INT NULL COMMENT "",
  `int7` INT NULL COMMENT "",
  `int8` INT NULL COMMENT "",
  `int9` INT NULL COMMENT "",
  `bigint0` BIGINT NULL COMMENT "",
  `bigint1` BIGINT NULL COMMENT "",
  `bigint2` BIGINT NULL COMMENT "",
  `bigint3` BIGINT NULL COMMENT "",
  `bigint4` BIGINT NULL COMMENT "",
  `bigint5` BIGINT NULL COMMENT "",
  `bigint6` BIGINT NULL COMMENT "",
  `bigint7` BIGINT NULL COMMENT "",
  `bigint8` BIGINT NULL COMMENT "",
  `bigint9` BIGINT NULL COMMENT "",
  `bigint10` BIGINT NULL COMMENT "",
  `bigint11` BIGINT NULL COMMENT "",
  `bigint12` BIGINT NULL COMMENT "",
  `bigint13` BIGINT NULL COMMENT "",
  `bigint14` BIGINT NULL COMMENT "",
  `bigint15` BIGINT NULL COMMENT "",
  `bigint16` BIGINT NULL COMMENT "",
  `bigint17` BIGINT NULL COMMENT "",
  `bigint18` BIGINT NULL COMMENT "",
  `bigint19` BIGINT NULL COMMENT "",
  `bigint20` BIGINT NULL COMMENT "",
  `bigint21` BIGINT NULL COMMENT "",
  `bigint22` BIGINT NULL COMMENT "",
  `bigint23` BIGINT NULL COMMENT "",
  `bigint24` BIGINT NULL COMMENT "",
  `bigint25` BIGINT NULL COMMENT "",
  `bigint26` BIGINT NULL COMMENT "",
  `bigint27` BIGINT NULL COMMENT "",
  `bigint28` BIGINT NULL COMMENT "",
  `bigint29` BIGINT NULL COMMENT "",
  `float0` decimal(38, 9) NULL COMMENT "",
  `float1` decimal(38, 9) NULL COMMENT "",
  `float2` decimal(38, 9) NULL COMMENT "",
  `float3` decimal(38, 9) NULL COMMENT "",
  `float4` decimal(38, 9) NULL COMMENT "",
  `float5` decimal(38, 9) NULL COMMENT "",
  `float6` decimal(38, 9) NULL COMMENT "",
  `float7` decimal(38, 9) NULL COMMENT "",
  `float8` decimal(38, 9) NULL COMMENT "",
  `float9` decimal(38, 9) NULL COMMENT "",
  `string0` STRING NULL COMMENT "",
  `string1` STRING NULL COMMENT "",
  `string2` STRING NULL COMMENT "",
  `string3` STRING NULL COMMENT "",
  `string4` STRING NULL COMMENT "",
  `string5` STRING NULL COMMENT "",
  `string6` STRING NULL COMMENT "",
  `string7` STRING NULL COMMENT "",
  `string8` STRING NULL COMMENT "",
  `string9` STRING NULL COMMENT "",
  `string10` STRING NULL COMMENT "",
  `string11` STRING NULL COMMENT "",
  `string12` STRING NULL COMMENT "",
  `string13` STRING NULL COMMENT "",
  `string14` STRING NULL COMMENT "",
  `string15` STRING NULL COMMENT "",
  `string16` STRING NULL COMMENT "",
  `string17` STRING NULL COMMENT "",
  `string18` STRING NULL COMMENT "",
  `string19` STRING NULL COMMENT "",
  `string20` STRING NULL COMMENT "",
  `string21` STRING NULL COMMENT "",
  `string22` STRING NULL COMMENT "",
  `string23` STRING NULL COMMENT "",
  `string24` STRING NULL COMMENT "",
  `string25` STRING NULL COMMENT "",
  `string26` STRING NULL COMMENT "",
  `string27` STRING NULL COMMENT "",
  `string28` STRING NULL COMMENT "",
  `string29` STRING NULL COMMENT "",
  `string30` STRING NULL COMMENT "",
  `string31` STRING NULL COMMENT "",
  `string32` STRING NULL COMMENT "",
  `string33` STRING NULL COMMENT "",
  `string34` STRING NULL COMMENT "",
  `string35` STRING NULL COMMENT "",
  `string36` STRING NULL COMMENT "",
  `string37` STRING NULL COMMENT "",
  `string38` STRING NULL COMMENT "",
  `string39` STRING NULL COMMENT "",
  `string40` STRING NULL COMMENT "",
  `string41` STRING NULL COMMENT "",
  `string42` STRING NULL COMMENT "",
  `string43` STRING NULL COMMENT "",
  `string44` STRING NULL COMMENT "",
  `string45` STRING NULL COMMENT "",
  `string46` STRING NULL COMMENT "",
  `string47` STRING NULL COMMENT "",
  `string48` STRING NULL COMMENT "",
  `string49` STRING NULL COMMENT "",
  `timestamp0` datetime NULL COMMENT "",
  `timestamp1` datetime NULL COMMENT "",
  `timestamp2` datetime NULL COMMENT "",
  `timestamp3` datetime NULL COMMENT "",
  `timestamp4` datetime NULL COMMENT "",
  `timestamp5` datetime NULL COMMENT "",
  `double0` decimal(38, 9) NULL COMMENT "",
  `double1` decimal(38, 9) NULL COMMENT "",
  `double2` decimal(38, 9) NULL COMMENT "",
  `double3` decimal(38, 9) NULL COMMENT "",
  `double4` decimal(38, 9) NULL COMMENT "",
  `double5` decimal(38, 9) NULL COMMENT "",
  `double6` decimal(38, 9) NULL COMMENT "",
  `double7` decimal(38, 9) NULL COMMENT "",
  `double8` decimal(38, 9) NULL COMMENT "",
  `double9` decimal(38, 9) NULL COMMENT "",
  `boolean0` boolean NULL COMMENT "",
  `boolean1` boolean NULL COMMENT "",
  `boolean2` boolean NULL COMMENT "",
  `boolean3` boolean NULL COMMENT "",
  `boolean4` boolean NULL COMMENT ""
) ENGINE=OLAP
DUPLICATE KEY(`row_no`, `start_time`, `hash_id`,`adomid`)
DISTRIBUTED BY RANDOM
PROPERTIES (
"replication_num" = "3"
);

-- with partitions __root_facet_result_parted

DROP TABLE IF EXISTS `__root_facet_result_parted`;
CREATE TABLE `__root_facet_result_parted` (
  `start_time` datetime NULL COMMENT "",
  `hash_id` BIGINT NULL COMMENT "",
  `adomid` BIGINT NULL COMMENT "",
  `row_no` BIGINT NULL COMMENT "",
  `slot` INT NULL COMMENT "",
  `end_time` datetime NULL COMMENT "",
  `int0` INT NULL COMMENT "",
  `int1` INT NULL COMMENT "",
  `int2` INT NULL COMMENT "",
  `int3` INT NULL COMMENT "",
  `int4` INT NULL COMMENT "",
  `int5` INT NULL COMMENT "",
  `int6` INT NULL COMMENT "",
  `int7` INT NULL COMMENT "",
  `int8` INT NULL COMMENT "",
  `int9` INT NULL COMMENT "",
  `bigint0` BIGINT NULL COMMENT "",
  `bigint1` BIGINT NULL COMMENT "",
  `bigint2` BIGINT NULL COMMENT "",
  `bigint3` BIGINT NULL COMMENT "",
  `bigint4` BIGINT NULL COMMENT "",
  `bigint5` BIGINT NULL COMMENT "",
  `bigint6` BIGINT NULL COMMENT "",
  `bigint7` BIGINT NULL COMMENT "",
  `bigint8` BIGINT NULL COMMENT "",
  `bigint9` BIGINT NULL COMMENT "",
  `bigint10` BIGINT NULL COMMENT "",
  `bigint11` BIGINT NULL COMMENT "",
  `bigint12` BIGINT NULL COMMENT "",
  `bigint13` BIGINT NULL COMMENT "",
  `bigint14` BIGINT NULL COMMENT "",
  `bigint15` BIGINT NULL COMMENT "",
  `bigint16` BIGINT NULL COMMENT "",
  `bigint17` BIGINT NULL COMMENT "",
  `bigint18` BIGINT NULL COMMENT "",
  `bigint19` BIGINT NULL COMMENT "",
  `bigint20` BIGINT NULL COMMENT "",
  `bigint21` BIGINT NULL COMMENT "",
  `bigint22` BIGINT NULL COMMENT "",
  `bigint23` BIGINT NULL COMMENT "",
  `bigint24` BIGINT NULL COMMENT "",
  `bigint25` BIGINT NULL COMMENT "",
  `bigint26` BIGINT NULL COMMENT "",
  `bigint27` BIGINT NULL COMMENT "",
  `bigint28` BIGINT NULL COMMENT "",
  `bigint29` BIGINT NULL COMMENT "",
  `float0` decimal(38, 9) NULL COMMENT "",
  `float1` decimal(38, 9) NULL COMMENT "",
  `float2` decimal(38, 9) NULL COMMENT "",
  `float3` decimal(38, 9) NULL COMMENT "",
  `float4` decimal(38, 9) NULL COMMENT "",
  `float5` decimal(38, 9) NULL COMMENT "",
  `float6` decimal(38, 9) NULL COMMENT "",
  `float7` decimal(38, 9) NULL COMMENT "",
  `float8` decimal(38, 9) NULL COMMENT "",
  `float9` decimal(38, 9) NULL COMMENT "",
  `string0` STRING NULL COMMENT "",
  `string1` STRING NULL COMMENT "",
  `string2` STRING NULL COMMENT "",
  `string3` STRING NULL COMMENT "",
  `string4` STRING NULL COMMENT "",
  `string5` STRING NULL COMMENT "",
  `string6` STRING NULL COMMENT "",
  `string7` STRING NULL COMMENT "",
  `string8` STRING NULL COMMENT "",
  `string9` STRING NULL COMMENT "",
  `string10` STRING NULL COMMENT "",
  `string11` STRING NULL COMMENT "",
  `string12` STRING NULL COMMENT "",
  `string13` STRING NULL COMMENT "",
  `string14` STRING NULL COMMENT "",
  `string15` STRING NULL COMMENT "",
  `string16` STRING NULL COMMENT "",
  `string17` STRING NULL COMMENT "",
  `string18` STRING NULL COMMENT "",
  `string19` STRING NULL COMMENT "",
  `string20` STRING NULL COMMENT "",
  `string21` STRING NULL COMMENT "",
  `string22` STRING NULL COMMENT "",
  `string23` STRING NULL COMMENT "",
  `string24` STRING NULL COMMENT "",
  `string25` STRING NULL COMMENT "",
  `string26` STRING NULL COMMENT "",
  `string27` STRING NULL COMMENT "",
  `string28` STRING NULL COMMENT "",
  `string29` STRING NULL COMMENT "",
  `string30` STRING NULL COMMENT "",
  `string31` STRING NULL COMMENT "",
  `string32` STRING NULL COMMENT "",
  `string33` STRING NULL COMMENT "",
  `string34` STRING NULL COMMENT "",
  `string35` STRING NULL COMMENT "",
  `string36` STRING NULL COMMENT "",
  `string37` STRING NULL COMMENT "",
  `string38` STRING NULL COMMENT "",
  `string39` STRING NULL COMMENT "",
  `string40` STRING NULL COMMENT "",
  `string41` STRING NULL COMMENT "",
  `string42` STRING NULL COMMENT "",
  `string43` STRING NULL COMMENT "",
  `string44` STRING NULL COMMENT "",
  `string45` STRING NULL COMMENT "",
  `string46` STRING NULL COMMENT "",
  `string47` STRING NULL COMMENT "",
  `string48` STRING NULL COMMENT "",
  `string49` STRING NULL COMMENT "",
  `timestamp0` datetime NULL COMMENT "",
  `timestamp1` datetime NULL COMMENT "",
  `timestamp2` datetime NULL COMMENT "",
  `timestamp3` datetime NULL COMMENT "",
  `timestamp4` datetime NULL COMMENT "",
  `timestamp5` datetime NULL COMMENT "",
  `double0` decimal(38, 9) NULL COMMENT "",
  `double1` decimal(38, 9) NULL COMMENT "",
  `double2` decimal(38, 9) NULL COMMENT "",
  `double3` decimal(38, 9) NULL COMMENT "",
  `double4` decimal(38, 9) NULL COMMENT "",
  `double5` decimal(38, 9) NULL COMMENT "",
  `double6` decimal(38, 9) NULL COMMENT "",
  `double7` decimal(38, 9) NULL COMMENT "",
  `double8` decimal(38, 9) NULL COMMENT "",
  `double9` decimal(38, 9) NULL COMMENT "",
  `boolean0` boolean NULL COMMENT "",
  `boolean1` boolean NULL COMMENT "",
  `boolean2` boolean NULL COMMENT "",
  `boolean3` boolean NULL COMMENT "",
  `boolean4` boolean NULL COMMENT ""
) ENGINE=OLAP
DUPLICATE KEY(`start_time`, `hash_id`, `adomid`)
PARTITION BY date_trunc('day', `start_time`)
DISTRIBUTED BY HASH(hash_id, adomid, row_no)
PROPERTIES (
"replication_num" = "3"
);

DROP TABLE IF EXISTS `__root_facet_result_nopart`;
CREATE TABLE `__root_facet_result_nopart` (
  `row_no` BIGINT NULL COMMENT "",
  `start_time` datetime NULL COMMENT "",
  `hash_id` BIGINT NULL COMMENT "",
  `adomid` BIGINT NULL COMMENT "",
  `slot` INT NULL COMMENT "",
  `end_time` datetime NULL COMMENT "",
  `int0` INT NULL COMMENT "",
  `int1` INT NULL COMMENT "",
  `int2` INT NULL COMMENT "",
  `int3` INT NULL COMMENT "",
  `int4` INT NULL COMMENT "",
  `int5` INT NULL COMMENT "",
  `int6` INT NULL COMMENT "",
  `int7` INT NULL COMMENT "",
  `int8` INT NULL COMMENT "",
  `int9` INT NULL COMMENT "",
  `bigint0` BIGINT NULL COMMENT "",
  `bigint1` BIGINT NULL COMMENT "",
  `bigint2` BIGINT NULL COMMENT "",
  `bigint3` BIGINT NULL COMMENT "",
  `bigint4` BIGINT NULL COMMENT "",
  `bigint5` BIGINT NULL COMMENT "",
  `bigint6` BIGINT NULL COMMENT "",
  `bigint7` BIGINT NULL COMMENT "",
  `bigint8` BIGINT NULL COMMENT "",
  `bigint9` BIGINT NULL COMMENT "",
  `bigint10` BIGINT NULL COMMENT "",
  `bigint11` BIGINT NULL COMMENT "",
  `bigint12` BIGINT NULL COMMENT "",
  `bigint13` BIGINT NULL COMMENT "",
  `bigint14` BIGINT NULL COMMENT "",
  `bigint15` BIGINT NULL COMMENT "",
  `bigint16` BIGINT NULL COMMENT "",
  `bigint17` BIGINT NULL COMMENT "",
  `bigint18` BIGINT NULL COMMENT "",
  `bigint19` BIGINT NULL COMMENT "",
  `bigint20` BIGINT NULL COMMENT "",
  `bigint21` BIGINT NULL COMMENT "",
  `bigint22` BIGINT NULL COMMENT "",
  `bigint23` BIGINT NULL COMMENT "",
  `bigint24` BIGINT NULL COMMENT "",
  `bigint25` BIGINT NULL COMMENT "",
  `bigint26` BIGINT NULL COMMENT "",
  `bigint27` BIGINT NULL COMMENT "",
  `bigint28` BIGINT NULL COMMENT "",
  `bigint29` BIGINT NULL COMMENT "",
  `float0` decimal(38, 9) NULL COMMENT "",
  `float1` decimal(38, 9) NULL COMMENT "",
  `float2` decimal(38, 9) NULL COMMENT "",
  `float3` decimal(38, 9) NULL COMMENT "",
  `float4` decimal(38, 9) NULL COMMENT "",
  `float5` decimal(38, 9) NULL COMMENT "",
  `float6` decimal(38, 9) NULL COMMENT "",
  `float7` decimal(38, 9) NULL COMMENT "",
  `float8` decimal(38, 9) NULL COMMENT "",
  `float9` decimal(38, 9) NULL COMMENT "",
  `string0` STRING NULL COMMENT "",
  `string1` STRING NULL COMMENT "",
  `string2` STRING NULL COMMENT "",
  `string3` STRING NULL COMMENT "",
  `string4` STRING NULL COMMENT "",
  `string5` STRING NULL COMMENT "",
  `string6` STRING NULL COMMENT "",
  `string7` STRING NULL COMMENT "",
  `string8` STRING NULL COMMENT "",
  `string9` STRING NULL COMMENT "",
  `string10` STRING NULL COMMENT "",
  `string11` STRING NULL COMMENT "",
  `string12` STRING NULL COMMENT "",
  `string13` STRING NULL COMMENT "",
  `string14` STRING NULL COMMENT "",
  `string15` STRING NULL COMMENT "",
  `string16` STRING NULL COMMENT "",
  `string17` STRING NULL COMMENT "",
  `string18` STRING NULL COMMENT "",
  `string19` STRING NULL COMMENT "",
  `string20` STRING NULL COMMENT "",
  `string21` STRING NULL COMMENT "",
  `string22` STRING NULL COMMENT "",
  `string23` STRING NULL COMMENT "",
  `string24` STRING NULL COMMENT "",
  `string25` STRING NULL COMMENT "",
  `string26` STRING NULL COMMENT "",
  `string27` STRING NULL COMMENT "",
  `string28` STRING NULL COMMENT "",
  `string29` STRING NULL COMMENT "",
  `string30` STRING NULL COMMENT "",
  `string31` STRING NULL COMMENT "",
  `string32` STRING NULL COMMENT "",
  `string33` STRING NULL COMMENT "",
  `string34` STRING NULL COMMENT "",
  `string35` STRING NULL COMMENT "",
  `string36` STRING NULL COMMENT "",
  `string37` STRING NULL COMMENT "",
  `string38` STRING NULL COMMENT "",
  `string39` STRING NULL COMMENT "",
  `string40` STRING NULL COMMENT "",
  `string41` STRING NULL COMMENT "",
  `string42` STRING NULL COMMENT "",
  `string43` STRING NULL COMMENT "",
  `string44` STRING NULL COMMENT "",
  `string45` STRING NULL COMMENT "",
  `string46` STRING NULL COMMENT "",
  `string47` STRING NULL COMMENT "",
  `string48` STRING NULL COMMENT "",
  `string49` STRING NULL COMMENT "",
  `timestamp0` datetime NULL COMMENT "",
  `timestamp1` datetime NULL COMMENT "",
  `timestamp2` datetime NULL COMMENT "",
  `timestamp3` datetime NULL COMMENT "",
  `timestamp4` datetime NULL COMMENT "",
  `timestamp5` datetime NULL COMMENT "",
  `double0` decimal(38, 9) NULL COMMENT "",
  `double1` decimal(38, 9) NULL COMMENT "",
  `double2` decimal(38, 9) NULL COMMENT "",
  `double3` decimal(38, 9) NULL COMMENT "",
  `double4` decimal(38, 9) NULL COMMENT "",
  `double5` decimal(38, 9) NULL COMMENT "",
  `double6` decimal(38, 9) NULL COMMENT "",
  `double7` decimal(38, 9) NULL COMMENT "",
  `double8` decimal(38, 9) NULL COMMENT "",
  `double9` decimal(38, 9) NULL COMMENT "",
  `boolean0` boolean NULL COMMENT "",
  `boolean1` boolean NULL COMMENT "",
  `boolean2` boolean NULL COMMENT "",
  `boolean3` boolean NULL COMMENT "",
  `boolean4` boolean NULL COMMENT ""
) ENGINE=OLAP
DUPLICATE KEY(`row_no`, `start_time`, `hash_id`,`adomid`)
DISTRIBUTED BY RANDOM
PROPERTIES (
"replication_num" = "3"
);

-- with partitions removed rowno

DROP TABLE IF EXISTS `__root_facet_result_rmrowno`;
CREATE TABLE `__root_facet_result_rmrowno` (
  `start_time` datetime NULL COMMENT "",
  `hash_id` BIGINT NULL COMMENT "",
  `adomid` BIGINT NULL COMMENT "",
  `row_no` BIGINT NULL COMMENT "",
  `slot` INT NULL COMMENT "",
  `end_time` datetime NULL COMMENT "",
  `int0` INT NULL COMMENT "",
  `int1` INT NULL COMMENT "",
  `int2` INT NULL COMMENT "",
  `int3` INT NULL COMMENT "",
  `int4` INT NULL COMMENT "",
  `int5` INT NULL COMMENT "",
  `int6` INT NULL COMMENT "",
  `int7` INT NULL COMMENT "",
  `int8` INT NULL COMMENT "",
  `int9` INT NULL COMMENT "",
  `bigint0` BIGINT NULL COMMENT "",
  `bigint1` BIGINT NULL COMMENT "",
  `bigint2` BIGINT NULL COMMENT "",
  `bigint3` BIGINT NULL COMMENT "",
  `bigint4` BIGINT NULL COMMENT "",
  `bigint5` BIGINT NULL COMMENT "",
  `bigint6` BIGINT NULL COMMENT "",
  `bigint7` BIGINT NULL COMMENT "",
  `bigint8` BIGINT NULL COMMENT "",
  `bigint9` BIGINT NULL COMMENT "",
  `bigint10` BIGINT NULL COMMENT "",
  `bigint11` BIGINT NULL COMMENT "",
  `bigint12` BIGINT NULL COMMENT "",
  `bigint13` BIGINT NULL COMMENT "",
  `bigint14` BIGINT NULL COMMENT "",
  `bigint15` BIGINT NULL COMMENT "",
  `bigint16` BIGINT NULL COMMENT "",
  `bigint17` BIGINT NULL COMMENT "",
  `bigint18` BIGINT NULL COMMENT "",
  `bigint19` BIGINT NULL COMMENT "",
  `bigint20` BIGINT NULL COMMENT "",
  `bigint21` BIGINT NULL COMMENT "",
  `bigint22` BIGINT NULL COMMENT "",
  `bigint23` BIGINT NULL COMMENT "",
  `bigint24` BIGINT NULL COMMENT "",
  `bigint25` BIGINT NULL COMMENT "",
  `bigint26` BIGINT NULL COMMENT "",
  `bigint27` BIGINT NULL COMMENT "",
  `bigint28` BIGINT NULL COMMENT "",
  `bigint29` BIGINT NULL COMMENT "",
  `float0` decimal(38, 9) NULL COMMENT "",
  `float1` decimal(38, 9) NULL COMMENT "",
  `float2` decimal(38, 9) NULL COMMENT "",
  `float3` decimal(38, 9) NULL COMMENT "",
  `float4` decimal(38, 9) NULL COMMENT "",
  `float5` decimal(38, 9) NULL COMMENT "",
  `float6` decimal(38, 9) NULL COMMENT "",
  `float7` decimal(38, 9) NULL COMMENT "",
  `float8` decimal(38, 9) NULL COMMENT "",
  `float9` decimal(38, 9) NULL COMMENT "",
  `string0` STRING NULL COMMENT "",
  `string1` STRING NULL COMMENT "",
  `string2` STRING NULL COMMENT "",
  `string3` STRING NULL COMMENT "",
  `string4` STRING NULL COMMENT "",
  `string5` STRING NULL COMMENT "",
  `string6` STRING NULL COMMENT "",
  `string7` STRING NULL COMMENT "",
  `string8` STRING NULL COMMENT "",
  `string9` STRING NULL COMMENT "",
  `string10` STRING NULL COMMENT "",
  `string11` STRING NULL COMMENT "",
  `string12` STRING NULL COMMENT "",
  `string13` STRING NULL COMMENT "",
  `string14` STRING NULL COMMENT "",
  `string15` STRING NULL COMMENT "",
  `string16` STRING NULL COMMENT "",
  `string17` STRING NULL COMMENT "",
  `string18` STRING NULL COMMENT "",
  `string19` STRING NULL COMMENT "",
  `string20` STRING NULL COMMENT "",
  `string21` STRING NULL COMMENT "",
  `string22` STRING NULL COMMENT "",
  `string23` STRING NULL COMMENT "",
  `string24` STRING NULL COMMENT "",
  `string25` STRING NULL COMMENT "",
  `string26` STRING NULL COMMENT "",
  `string27` STRING NULL COMMENT "",
  `string28` STRING NULL COMMENT "",
  `string29` STRING NULL COMMENT "",
  `string30` STRING NULL COMMENT "",
  `string31` STRING NULL COMMENT "",
  `string32` STRING NULL COMMENT "",
  `string33` STRING NULL COMMENT "",
  `string34` STRING NULL COMMENT "",
  `string35` STRING NULL COMMENT "",
  `string36` STRING NULL COMMENT "",
  `string37` STRING NULL COMMENT "",
  `string38` STRING NULL COMMENT "",
  `string39` STRING NULL COMMENT "",
  `string40` STRING NULL COMMENT "",
  `string41` STRING NULL COMMENT "",
  `string42` STRING NULL COMMENT "",
  `string43` STRING NULL COMMENT "",
  `string44` STRING NULL COMMENT "",
  `string45` STRING NULL COMMENT "",
  `string46` STRING NULL COMMENT "",
  `string47` STRING NULL COMMENT "",
  `string48` STRING NULL COMMENT "",
  `string49` STRING NULL COMMENT "",
  `timestamp0` datetime NULL COMMENT "",
  `timestamp1` datetime NULL COMMENT "",
  `timestamp2` datetime NULL COMMENT "",
  `timestamp3` datetime NULL COMMENT "",
  `timestamp4` datetime NULL COMMENT "",
  `timestamp5` datetime NULL COMMENT "",
  `double0` decimal(38, 9) NULL COMMENT "",
  `double1` decimal(38, 9) NULL COMMENT "",
  `double2` decimal(38, 9) NULL COMMENT "",
  `double3` decimal(38, 9) NULL COMMENT "",
  `double4` decimal(38, 9) NULL COMMENT "",
  `double5` decimal(38, 9) NULL COMMENT "",
  `double6` decimal(38, 9) NULL COMMENT "",
  `double7` decimal(38, 9) NULL COMMENT "",
  `double8` decimal(38, 9) NULL COMMENT "",
  `double9` decimal(38, 9) NULL COMMENT "",
  `boolean0` boolean NULL COMMENT "",
  `boolean1` boolean NULL COMMENT "",
  `boolean2` boolean NULL COMMENT "",
  `boolean3` boolean NULL COMMENT "",
  `boolean4` boolean NULL COMMENT ""
) ENGINE=OLAP
DUPLICATE KEY(`start_time`, `hash_id`, `adomid`)
PARTITION BY date_trunc('day', `start_time`)
DISTRIBUTED BY HASH(hash_id, adomid)
PROPERTIES (
"replication_num" = "3"
);

