| CREATE TABLE db_log_public.__root_fgt_traffic (                                                                                                                   |
|   itime TIMESTAMP NOT NULL ENCODING AUTO_ENCODING COMPRESSION DEFAULT_COMPRESSION,                                                                                |
|   adomid BIGINT NOT NULL ENCODING AUTO_ENCODING COMPRESSION DEFAULT_COMPRESSION,                                                                                  |
|   devid STRING NOT NULL ENCODING AUTO_ENCODING COMPRESSION DEFAULT_COMPRESSION,                                                                                   |
|   vd STRING NOT NULL ENCODING AUTO_ENCODING COMPRESSION DEFAULT_COMPRESSION,                                                                                      |
|   id BIGINT NOT NULL ENCODING AUTO_ENCODING COMPRESSION DEFAULT_COMPRESSION,                                                                                      |
|   dtime TIMESTAMP NOT NULL ENCODING AUTO_ENCODING COMPRESSION DEFAULT_COMPRESSION,                                                                                |
|   euid INT NULL ENCODING AUTO_ENCODING COMPRESSION DEFAULT_COMPRESSION,                                                                                           |
|   epid INT NULL ENCODING AUTO_ENCODING COMPRESSION DEFAULT_COMPRESSION,                                                                                           |
|   dsteuid INT NULL ENCODING AUTO_ENCODING COMPRESSION DEFAULT_COMPRESSION,                                                                                        |
|   dstepid INT NULL ENCODING AUTO_ENCODING COMPRESSION DEFAULT_COMPRESSION,                                                                                        |
|   logflag INT NULL ENCODING AUTO_ENCODING COMPRESSION DEFAULT_COMPRESSION,                                                                                        |
|   logver INT NULL ENCODING AUTO_ENCODING COMPRESSION DEFAULT_COMPRESSION,                                                                                         |
|   sfsid BIGINT NULL ENCODING AUTO_ENCODING COMPRESSION DEFAULT_COMPRESSION,                                                                                       |
|   logid STRING NULL ENCODING AUTO_ENCODING COMPRESSION DEFAULT_COMPRESSION,                                                                                       |
|   type STRING NULL ENCODING AUTO_ENCODING COMPRESSION DEFAULT_COMPRESSION,                                                                                        |
|   subtype STRING NULL ENCODING AUTO_ENCODING COMPRESSION DEFAULT_COMPRESSION,                                                                                     |
|   level STRING NULL ENCODING AUTO_ENCODING COMPRESSION DEFAULT_COMPRESSION,                                                                                       |
|   action STRING NULL ENCODING AUTO_ENCODING COMPRESSION DEFAULT_COMPRESSION,                                                                                      |
|   utmaction STRING NULL ENCODING AUTO_ENCODING COMPRESSION DEFAULT_COMPRESSION,                                                                                   |
|   policyid BIGINT NULL ENCODING AUTO_ENCODING COMPRESSION DEFAULT_COMPRESSION,                                                                                    |
|   sessionid BIGINT NULL ENCODING AUTO_ENCODING COMPRESSION DEFAULT_COMPRESSION,                                                                                   |
|   srcip STRING NULL ENCODING AUTO_ENCODING COMPRESSION DEFAULT_COMPRESSION,                                                                                       |
|   dstip STRING NULL ENCODING AUTO_ENCODING COMPRESSION DEFAULT_COMPRESSION,                                                                                       |
|   tranip STRING NULL ENCODING AUTO_ENCODING COMPRESSION DEFAULT_COMPRESSION,                                                                                      |
|   transip STRING NULL ENCODING AUTO_ENCODING COMPRESSION DEFAULT_COMPRESSION,                                                                                     |
|   srcport INT NULL ENCODING AUTO_ENCODING COMPRESSION DEFAULT_COMPRESSION,                                                                                        |
|   dstport INT NULL ENCODING AUTO_ENCODING COMPRESSION DEFAULT_COMPRESSION,                                                                                        |
|   tranport INT NULL ENCODING AUTO_ENCODING COMPRESSION DEFAULT_COMPRESSION,                                                                                       |
|   transport INT NULL ENCODING AUTO_ENCODING COMPRESSION DEFAULT_COMPRESSION,                                                                                      |
|   trandisp STRING NULL ENCODING AUTO_ENCODING COMPRESSION DEFAULT_COMPRESSION,                                                                                    |
|   duration INT NULL ENCODING AUTO_ENCODING COMPRESSION DEFAULT_COMPRESSION,                                                                                       |
|   proto SMALLINT NULL ENCODING AUTO_ENCODING COMPRESSION DEFAULT_COMPRESSION,                                                                                     |
|   vrf TINYINT NULL ENCODING AUTO_ENCODING COMPRESSION DEFAULT_COMPRESSION,                                                                                        |
|   slot SMALLINT NULL ENCODING AUTO_ENCODING COMPRESSION DEFAULT_COMPRESSION,                                                                                      |
|   sentbyte BIGINT NULL ENCODING AUTO_ENCODING COMPRESSION DEFAULT_COMPRESSION,                                                                                    |
|   rcvdbyte BIGINT NULL ENCODING AUTO_ENCODING COMPRESSION DEFAULT_COMPRESSION,                                                                                    |
|   sentdelta BIGINT NULL ENCODING AUTO_ENCODING COMPRESSION DEFAULT_COMPRESSION,                                                                                   |
|   rcvddelta BIGINT NULL ENCODING AUTO_ENCODING COMPRESSION DEFAULT_COMPRESSION,                                                                                   |
|   sentpkt BIGINT NULL ENCODING AUTO_ENCODING COMPRESSION DEFAULT_COMPRESSION,                                                                                     |
|   rcvdpkt BIGINT NULL ENCODING AUTO_ENCODING COMPRESSION DEFAULT_COMPRESSION,                                                                                     |
|   user STRING NULL ENCODING AUTO_ENCODING COMPRESSION DEFAULT_COMPRESSION,                                                                                        |
|   unauthuser STRING NULL ENCODING AUTO_ENCODING COMPRESSION DEFAULT_COMPRESSION,                                                                                  |
|   dstunauthuser STRING NULL ENCODING AUTO_ENCODING COMPRESSION DEFAULT_COMPRESSION,                                                                               |
|   srcname STRING NULL ENCODING AUTO_ENCODING COMPRESSION DEFAULT_COMPRESSION,                                                                                     |
|   dstname STRING NULL ENCODING AUTO_ENCODING COMPRESSION DEFAULT_COMPRESSION,                                                                                     |
|   group STRING NULL ENCODING AUTO_ENCODING COMPRESSION DEFAULT_COMPRESSION,                                                                                       |
|   service STRING NULL ENCODING AUTO_ENCODING COMPRESSION DEFAULT_COMPRESSION,                                                                                     |
|   app STRING NULL ENCODING AUTO_ENCODING COMPRESSION DEFAULT_COMPRESSION,                                                                                         |
|   appcat STRING NULL ENCODING AUTO_ENCODING COMPRESSION DEFAULT_COMPRESSION,                                                                                      |
|   fctuid STRING NULL ENCODING AUTO_ENCODING COMPRESSION DEFAULT_COMPRESSION,                                                                                      |
|   srcintfrole STRING NULL ENCODING AUTO_ENCODING COMPRESSION DEFAULT_COMPRESSION,                                                                                 |
|   dstintfrole STRING NULL ENCODING AUTO_ENCODING COMPRESSION DEFAULT_COMPRESSION,                                                                                 |
|   srcserver TINYINT NULL ENCODING AUTO_ENCODING COMPRESSION DEFAULT_COMPRESSION,                                                                                  |
|   dstserver TINYINT NULL ENCODING AUTO_ENCODING COMPRESSION DEFAULT_COMPRESSION,                                                                                  |
|   appid INT NULL ENCODING AUTO_ENCODING COMPRESSION DEFAULT_COMPRESSION,                                                                                          |
|   appact STRING NULL ENCODING AUTO_ENCODING COMPRESSION DEFAULT_COMPRESSION,                                                                                      |
|   apprisk STRING NULL ENCODING AUTO_ENCODING COMPRESSION DEFAULT_COMPRESSION,                                                                                     |
|   wanoptapptype STRING NULL ENCODING AUTO_ENCODING COMPRESSION DEFAULT_COMPRESSION,                                                                               |
|   policytype STRING NULL ENCODING AUTO_ENCODING COMPRESSION DEFAULT_COMPRESSION,                                                                                  |
|   centralnatid BIGINT NULL ENCODING AUTO_ENCODING COMPRESSION DEFAULT_COMPRESSION,                                                                                |
|   channel BIGINT NULL ENCODING AUTO_ENCODING COMPRESSION DEFAULT_COMPRESSION,                                                                                     |
|   vwpvlanid BIGINT NULL ENCODING AUTO_ENCODING COMPRESSION DEFAULT_COMPRESSION,                                                                                   |
|   shapingpolicyid BIGINT NULL ENCODING AUTO_ENCODING COMPRESSION DEFAULT_COMPRESSION,                                                                             |
|   eventtime TIMESTAMP NULL ENCODING AUTO_ENCODING COMPRESSION DEFAULT_COMPRESSION,                                                                                |
|   vwlid BIGINT NULL ENCODING AUTO_ENCODING COMPRESSION DEFAULT_COMPRESSION,                                                                                       |
|   shaperdropsentbyte BIGINT NULL ENCODING AUTO_ENCODING COMPRESSION DEFAULT_COMPRESSION,                                                                          |
|   shaperdroprcvdbyte BIGINT NULL ENCODING AUTO_ENCODING COMPRESSION DEFAULT_COMPRESSION,                                                                          |
|   shaperperipdropbyte BIGINT NULL ENCODING AUTO_ENCODING COMPRESSION DEFAULT_COMPRESSION,                                                                         |
|   wanin BIGINT NULL ENCODING AUTO_ENCODING COMPRESSION DEFAULT_COMPRESSION,                                                                                       |
|   wanout BIGINT NULL ENCODING AUTO_ENCODING COMPRESSION DEFAULT_COMPRESSION,                                                                                      |
|   lanin BIGINT NULL ENCODING AUTO_ENCODING COMPRESSION DEFAULT_COMPRESSION,                                                                                       |
|   lanout BIGINT NULL ENCODING AUTO_ENCODING COMPRESSION DEFAULT_COMPRESSION,                                                                                      |
|   crscore BIGINT NULL ENCODING AUTO_ENCODING COMPRESSION DEFAULT_COMPRESSION,                                                                                     |
|   craction BIGINT NULL ENCODING AUTO_ENCODING COMPRESSION DEFAULT_COMPRESSION,                                                                                    |
|   crlevel STRING NULL ENCODING AUTO_ENCODING COMPRESSION DEFAULT_COMPRESSION,                                                                                     |
|   countapp INT NULL ENCODING AUTO_ENCODING COMPRESSION DEFAULT_COMPRESSION,                                                                                       |
|   countav INT NULL ENCODING AUTO_ENCODING COMPRESSION DEFAULT_COMPRESSION,                                                                                        |
|   countdlp INT NULL ENCODING AUTO_ENCODING COMPRESSION DEFAULT_COMPRESSION,                                                                                       |
|   countemail INT NULL ENCODING AUTO_ENCODING COMPRESSION DEFAULT_COMPRESSION,                                                                                     |
|   countips INT NULL ENCODING AUTO_ENCODING COMPRESSION DEFAULT_COMPRESSION,                                                                                       |
|   countweb INT NULL ENCODING AUTO_ENCODING COMPRESSION DEFAULT_COMPRESSION,                                                                                       |
|   countwaf INT NULL ENCODING AUTO_ENCODING COMPRESSION DEFAULT_COMPRESSION,                                                                                       |
|   countssl INT NULL ENCODING AUTO_ENCODING COMPRESSION DEFAULT_COMPRESSION,                                                                                       |
|   countssh INT NULL ENCODING AUTO_ENCODING COMPRESSION DEFAULT_COMPRESSION,                                                                                       |
|   countdns INT NULL ENCODING AUTO_ENCODING COMPRESSION DEFAULT_COMPRESSION,                                                                                       |
|   srcuuid STRING NULL ENCODING AUTO_ENCODING COMPRESSION DEFAULT_COMPRESSION,                                                                                     |
|   dstuuid STRING NULL ENCODING AUTO_ENCODING COMPRESSION DEFAULT_COMPRESSION,                                                                                     |
|   poluuid STRING NULL ENCODING AUTO_ENCODING COMPRESSION DEFAULT_COMPRESSION,                                                                                     |
|   srcmac STRING NULL ENCODING AUTO_ENCODING COMPRESSION DEFAULT_COMPRESSION,                                                                                      |
|   mastersrcmac STRING NULL ENCODING AUTO_ENCODING COMPRESSION DEFAULT_COMPRESSION,                                                                                |
|   dstmac STRING NULL ENCODING AUTO_ENCODING COMPRESSION DEFAULT_COMPRESSION,                                                                                      |
|   masterdstmac STRING NULL ENCODING AUTO_ENCODING COMPRESSION DEFAULT_COMPRESSION,                                                                                |
|   srchwvendor STRING NULL ENCODING AUTO_ENCODING COMPRESSION DEFAULT_COMPRESSION,                                                                                 |
|   srchwversion STRING NULL ENCODING AUTO_ENCODING COMPRESSION DEFAULT_COMPRESSION,                                                                                |
|   srcfamily STRING NULL ENCODING AUTO_ENCODING COMPRESSION DEFAULT_COMPRESSION,                                                                                   |
|   srcswversion STRING NULL ENCODING AUTO_ENCODING COMPRESSION DEFAULT_COMPRESSION,                                                                                |
|   dsthwvendor STRING NULL ENCODING AUTO_ENCODING COMPRESSION DEFAULT_COMPRESSION,                                                                                 |
|   dsthwversion STRING NULL ENCODING AUTO_ENCODING COMPRESSION DEFAULT_COMPRESSION,                                                                                |
|   dstfamily STRING NULL ENCODING AUTO_ENCODING COMPRESSION DEFAULT_COMPRESSION,                                                                                   |
|   dstswversion STRING NULL ENCODING AUTO_ENCODING COMPRESSION DEFAULT_COMPRESSION,                                                                                |
|   devtype STRING NULL ENCODING AUTO_ENCODING COMPRESSION DEFAULT_COMPRESSION,                                                                                     |
|   devcategory STRING NULL ENCODING AUTO_ENCODING COMPRESSION DEFAULT_COMPRESSION,                                                                                 |
|   dstdevtype STRING NULL ENCODING AUTO_ENCODING COMPRESSION DEFAULT_COMPRESSION,                                                                                  |
|   dstdevcategory STRING NULL ENCODING AUTO_ENCODING COMPRESSION DEFAULT_COMPRESSION,                                                                              |
|   osname STRING NULL ENCODING AUTO_ENCODING COMPRESSION DEFAULT_COMPRESSION,                                                                                      |
|   osversion STRING NULL ENCODING AUTO_ENCODING COMPRESSION DEFAULT_COMPRESSION,                                                                                   |
|   dstosname STRING NULL ENCODING AUTO_ENCODING COMPRESSION DEFAULT_COMPRESSION,                                                                                   |
|   dstosversion STRING NULL ENCODING AUTO_ENCODING COMPRESSION DEFAULT_COMPRESSION,                                                                                |
|   srccountry STRING NULL ENCODING AUTO_ENCODING COMPRESSION DEFAULT_COMPRESSION,                                                                                  |
|   dstcountry STRING NULL ENCODING AUTO_ENCODING COMPRESSION DEFAULT_COMPRESSION,                                                                                  |
|   srcssid STRING NULL ENCODING AUTO_ENCODING COMPRESSION DEFAULT_COMPRESSION,                                                                                     |
|   dstssid STRING NULL ENCODING AUTO_ENCODING COMPRESSION DEFAULT_COMPRESSION,                                                                                     |
|   srcintf STRING NULL ENCODING AUTO_ENCODING COMPRESSION DEFAULT_COMPRESSION,                                                                                     |
|   dstintf STRING NULL ENCODING AUTO_ENCODING COMPRESSION DEFAULT_COMPRESSION,                                                                                     |
|   srcinetsvc STRING NULL ENCODING AUTO_ENCODING COMPRESSION DEFAULT_COMPRESSION,                                                                                  |
|   dstinetsvc STRING NULL ENCODING AUTO_ENCODING COMPRESSION DEFAULT_COMPRESSION,                                                                                  |
|   unauthusersource STRING NULL ENCODING AUTO_ENCODING COMPRESSION DEFAULT_COMPRESSION,                                                                            |
|   dstunauthusersource STRING NULL ENCODING AUTO_ENCODING COMPRESSION DEFAULT_COMPRESSION,                                                                         |
|   authserver STRING NULL ENCODING AUTO_ENCODING COMPRESSION DEFAULT_COMPRESSION,                                                                                  |
|   applist STRING NULL ENCODING AUTO_ENCODING COMPRESSION DEFAULT_COMPRESSION,                                                                                     |
|   vpn STRING NULL ENCODING AUTO_ENCODING COMPRESSION DEFAULT_COMPRESSION,                                                                                         |
|   vpntype STRING NULL ENCODING AUTO_ENCODING COMPRESSION DEFAULT_COMPRESSION,                                                                                     |
|   radioband STRING NULL ENCODING AUTO_ENCODING COMPRESSION DEFAULT_COMPRESSION,                                                                                   |
|   policyname STRING NULL ENCODING AUTO_ENCODING COMPRESSION DEFAULT_COMPRESSION,                                                                                  |
|   policymode STRING NULL ENCODING AUTO_ENCODING COMPRESSION DEFAULT_COMPRESSION,                                                                                  |
|   sslaction STRING NULL ENCODING AUTO_ENCODING COMPRESSION DEFAULT_COMPRESSION,                                                                                   |
|   url STRING NULL ENCODING AUTO_ENCODING COMPRESSION DEFAULT_COMPRESSION,                                                                                         |
|   agent STRING NULL ENCODING AUTO_ENCODING COMPRESSION DEFAULT_COMPRESSION,                                                                                       |
|   comment STRING NULL ENCODING AUTO_ENCODING COMPRESSION DEFAULT_COMPRESSION,                                                                                     |
|   ap STRING NULL ENCODING AUTO_ENCODING COMPRESSION DEFAULT_COMPRESSION,                                                                                          |
|   apsn STRING NULL ENCODING AUTO_ENCODING COMPRESSION DEFAULT_COMPRESSION,                                                                                        |
|   vwlservice STRING NULL ENCODING AUTO_ENCODING COMPRESSION DEFAULT_COMPRESSION,                                                                                  |
|   vwlquality STRING NULL ENCODING AUTO_ENCODING COMPRESSION DEFAULT_COMPRESSION,                                                                                  |
|   collectedemail STRING NULL ENCODING AUTO_ENCODING COMPRESSION DEFAULT_COMPRESSION,                                                                              |
|   dstcollectedemail STRING NULL ENCODING AUTO_ENCODING COMPRESSION DEFAULT_COMPRESSION,                                                                           |
|   shapersentname STRING NULL ENCODING AUTO_ENCODING COMPRESSION DEFAULT_COMPRESSION,                                                                              |
|   shaperrcvdname STRING NULL ENCODING AUTO_ENCODING COMPRESSION DEFAULT_COMPRESSION,                                                                              |
|   shaperperipname STRING NULL ENCODING AUTO_ENCODING COMPRESSION DEFAULT_COMPRESSION,                                                                             |
|   msg STRING NULL ENCODING AUTO_ENCODING COMPRESSION DEFAULT_COMPRESSION,                                                                                         |
|   custom_field1 STRING NULL ENCODING AUTO_ENCODING COMPRESSION DEFAULT_COMPRESSION,                                                                               |
|   utmevent STRING NULL ENCODING AUTO_ENCODING COMPRESSION DEFAULT_COMPRESSION,                                                                                    |
|   utmsubtype STRING NULL ENCODING AUTO_ENCODING COMPRESSION DEFAULT_COMPRESSION,                                                                                  |
|   sender STRING NULL ENCODING AUTO_ENCODING COMPRESSION DEFAULT_COMPRESSION,                                                                                      |
|   recipient STRING NULL ENCODING AUTO_ENCODING COMPRESSION DEFAULT_COMPRESSION,                                                                                   |
|   virus STRING NULL ENCODING AUTO_ENCODING COMPRESSION DEFAULT_COMPRESSION,                                                                                       |
|   attack STRING NULL ENCODING AUTO_ENCODING COMPRESSION DEFAULT_COMPRESSION,                                                                                      |
|   hostname STRING NULL ENCODING AUTO_ENCODING COMPRESSION DEFAULT_COMPRESSION,                                                                                    |
|   catdesc STRING NULL ENCODING AUTO_ENCODING COMPRESSION DEFAULT_COMPRESSION,                                                                                     |
|   dlpsensor STRING NULL ENCODING AUTO_ENCODING COMPRESSION DEFAULT_COMPRESSION,                                                                                   |
|   utmref STRING NULL ENCODING AUTO_ENCODING COMPRESSION DEFAULT_COMPRESSION,                                                                                      |
|   tdinfoid BIGINT NULL ENCODING AUTO_ENCODING COMPRESSION DEFAULT_COMPRESSION,                                                                                    |
|   dstowner STRING NULL ENCODING AUTO_ENCODING COMPRESSION DEFAULT_COMPRESSION,                                                                                    |
|   tdtype STRING NULL ENCODING AUTO_ENCODING COMPRESSION DEFAULT_COMPRESSION,                                                                                      |
|   tdscantime INT NULL ENCODING AUTO_ENCODING COMPRESSION DEFAULT_COMPRESSION,                                                                                     |
|   tdthreattype INT NULL ENCODING AUTO_ENCODING COMPRESSION DEFAULT_COMPRESSION,                                                                                   |
|   tdthreatname INT NULL ENCODING AUTO_ENCODING COMPRESSION DEFAULT_COMPRESSION,                                                                                   |
|   tdwfcate INT NULL ENCODING AUTO_ENCODING COMPRESSION DEFAULT_COMPRESSION,                                                                                       |
|   threatwgts STRING NULL ENCODING AUTO_ENCODING COMPRESSION DEFAULT_COMPRESSION,                                                                                  |
|   threatcnts STRING NULL ENCODING AUTO_ENCODING COMPRESSION DEFAULT_COMPRESSION,                                                                                  |
|   threatlvls STRING NULL ENCODING AUTO_ENCODING COMPRESSION DEFAULT_COMPRESSION,                                                                                  |
|   saasinfo STRING NULL ENCODING AUTO_ENCODING COMPRESSION DEFAULT_COMPRESSION,                                                                                    |
|   ebtime STRING NULL ENCODING AUTO_ENCODING COMPRESSION DEFAULT_COMPRESSION,                                                                                      |
|   clouduser STRING NULL ENCODING AUTO_ENCODING COMPRESSION DEFAULT_COMPRESSION,                                                                                   |
|   threats STRING NULL ENCODING AUTO_ENCODING COMPRESSION DEFAULT_COMPRESSION,                                                                                     |
|   threattyps STRING NULL ENCODING AUTO_ENCODING COMPRESSION DEFAULT_COMPRESSION,                                                                                  |
|   apps STRING NULL ENCODING AUTO_ENCODING COMPRESSION DEFAULT_COMPRESSION,                                                                                        |
|   countff INT NULL ENCODING AUTO_ENCODING COMPRESSION DEFAULT_COMPRESSION,                                                                                        |
|   identifier INT NULL ENCODING AUTO_ENCODING COMPRESSION DEFAULT_COMPRESSION,                                                                                     |
|   securityid BIGINT NULL ENCODING AUTO_ENCODING COMPRESSION DEFAULT_COMPRESSION,                                                                                  |
|   securityact STRING NULL ENCODING AUTO_ENCODING COMPRESSION DEFAULT_COMPRESSION,                                                                                 |
|   tz STRING NULL ENCODING AUTO_ENCODING COMPRESSION DEFAULT_COMPRESSION,                                                                                          |
|   srcdomain STRING NULL ENCODING AUTO_ENCODING COMPRESSION DEFAULT_COMPRESSION,                                                                                   |
|   counticap INT NULL ENCODING AUTO_ENCODING COMPRESSION DEFAULT_COMPRESSION,                                                                                      |
|   dstregion STRING NULL ENCODING AUTO_ENCODING COMPRESSION DEFAULT_COMPRESSION,                                                                                   |
|   srcregion STRING NULL ENCODING AUTO_ENCODING COMPRESSION DEFAULT_COMPRESSION,                                                                                   |
|   dstcity STRING NULL ENCODING AUTO_ENCODING COMPRESSION DEFAULT_COMPRESSION,                                                                                     |
|   srccity STRING NULL ENCODING AUTO_ENCODING COMPRESSION DEFAULT_COMPRESSION,                                                                                     |
|   signal INT NULL ENCODING AUTO_ENCODING COMPRESSION DEFAULT_COMPRESSION,                                                                                         |
|   snr INT NULL ENCODING AUTO_ENCODING COMPRESSION DEFAULT_COMPRESSION,                                                                                            |
|   dstauthserver STRING NULL ENCODING AUTO_ENCODING COMPRESSION DEFAULT_COMPRESSION,                                                                               |
|   dstgroup STRING NULL ENCODING AUTO_ENCODING COMPRESSION DEFAULT_COMPRESSION,                                                                                    |
|   dstuser STRING NULL ENCODING AUTO_ENCODING COMPRESSION DEFAULT_COMPRESSION,                                                                                     |
|   tunnelid BIGINT NULL ENCODING AUTO_ENCODING COMPRESSION DEFAULT_COMPRESSION,                                                                                    |
|   vwlname STRING NULL ENCODING AUTO_ENCODING COMPRESSION DEFAULT_COMPRESSION,                                                                                     |
|   srcthreatfeed STRING NULL ENCODING AUTO_ENCODING COMPRESSION DEFAULT_COMPRESSION,                                                                               |
|   dstthreatfeed STRING NULL ENCODING AUTO_ENCODING COMPRESSION DEFAULT_COMPRESSION,                                                                               |
|   psrcport INT NULL ENCODING AUTO_ENCODING COMPRESSION DEFAULT_COMPRESSION,                                                                                       |
|   pdstport INT NULL ENCODING AUTO_ENCODING COMPRESSION DEFAULT_COMPRESSION,                                                                                       |
|   srcreputation BIGINT NULL ENCODING AUTO_ENCODING COMPRESSION DEFAULT_COMPRESSION,                                                                               |
|   dstreputation BIGINT NULL ENCODING AUTO_ENCODING COMPRESSION DEFAULT_COMPRESSION,                                                                               |
|   vip STRING NULL ENCODING AUTO_ENCODING COMPRESSION DEFAULT_COMPRESSION,                                                                                         |
|   accessproxy STRING NULL ENCODING AUTO_ENCODING COMPRESSION DEFAULT_COMPRESSION,                                                                                 |
|   gatewayid BIGINT NULL ENCODING AUTO_ENCODING COMPRESSION DEFAULT_COMPRESSION,                                                                                   |
|   clientdeviceid STRING NULL ENCODING AUTO_ENCODING COMPRESSION DEFAULT_COMPRESSION,                                                                              |
|   clientdeviceowner STRING NULL ENCODING AUTO_ENCODING COMPRESSION DEFAULT_COMPRESSION,                                                                           |
|   clientdevicetags STRING NULL ENCODING AUTO_ENCODING COMPRESSION DEFAULT_COMPRESSION,                                                                            |
|   httpmethod STRING NULL ENCODING AUTO_ENCODING COMPRESSION DEFAULT_COMPRESSION,                                                                                  |
|   referralurl STRING NULL ENCODING AUTO_ENCODING COMPRESSION DEFAULT_COMPRESSION,                                                                                 |
|   saasname STRING NULL ENCODING AUTO_ENCODING COMPRESSION DEFAULT_COMPRESSION,                                                                                    |
|   srcmacvendor STRING NULL ENCODING AUTO_ENCODING COMPRESSION DEFAULT_COMPRESSION,                                                                                |
|   shapingpolicyname STRING NULL ENCODING AUTO_ENCODING COMPRESSION DEFAULT_COMPRESSION,                                                                           |
|   accessctrl STRING NULL ENCODING AUTO_ENCODING COMPRESSION DEFAULT_COMPRESSION,                                                                                  |
|   countcifs INT NULL ENCODING AUTO_ENCODING COMPRESSION DEFAULT_COMPRESSION,                                                                                      |
|   proxyapptype STRING NULL ENCODING AUTO_ENCODING COMPRESSION DEFAULT_COMPRESSION,                                                                                |
|   clientdevicemanageable STRING NULL ENCODING AUTO_ENCODING COMPRESSION DEFAULT_COMPRESSION,                                                                      |
|   emsconnection STRING NULL ENCODING AUTO_ENCODING COMPRESSION DEFAULT_COMPRESSION,                                                                               |
|   srcremote STRING NULL ENCODING AUTO_ENCODING COMPRESSION DEFAULT_COMPRESSION,                                                                                   |
|   replydstintf STRING NULL ENCODING AUTO_ENCODING COMPRESSION DEFAULT_COMPRESSION,                                                                                |
|   replysrcintf STRING NULL ENCODING AUTO_ENCODING COMPRESSION DEFAULT_COMPRESSION,                                                                                |
|   vsn STRING NULL ENCODING AUTO_ENCODING COMPRESSION DEFAULT_COMPRESSION,                                                                                         |
|   countsctpf INT NULL ENCODING AUTO_ENCODING COMPRESSION DEFAULT_COMPRESSION,                                                                                     |
|   realserverid INT NULL ENCODING AUTO_ENCODING COMPRESSION DEFAULT_COMPRESSION,                                                                                   |
|   clientdeviceems STRING NULL ENCODING AUTO_ENCODING COMPRESSION DEFAULT_COMPRESSION,                                                                             |
|   clientcert STRING NULL ENCODING AUTO_ENCODING COMPRESSION DEFAULT_COMPRESSION,                                                                                  |
|   countcasb INT NULL ENCODING AUTO_ENCODING COMPRESSION DEFAULT_COMPRESSION,                                                                                      |
|   durationdelta BIGINT NULL ENCODING AUTO_ENCODING COMPRESSION DEFAULT_COMPRESSION,                                                                               |
|   countvpatch INT NULL ENCODING AUTO_ENCODING COMPRESSION DEFAULT_COMPRESSION,      |
|   sentpktdelta BIGINT NULL ENCODING AUTO_ENCODING COMPRESSION DEFAULT_COMPRESSION,                                                                                |
|   rcvdpktdelta BIGINT NULL ENCODING AUTO_ENCODING COMPRESSION DEFAULT_COMPRESSION,                                                                                |
|   fwdsrv STRING NULL ENCODING AUTO_ENCODING COMPRESSION DEFAULT_COMPRESSION,                                                                                      |
|   PRIMARY KEY (itime, adomid, devid, vd, id)                                                                                                                      |
| )                                                                                                                                                                 |
| PARTITION BY HASH (adomid) PARTITIONS 7, HASH (id) PARTITIONS 7, RANGE (itime) (...)                                                                              |
|  COMMENT ''                                                                                                                                                       |
| STORED AS KUDU                                                                                                                                                    |
| TBLPROPERTIES ('kudu.cluster_id'='bd91930c69ec4f01b8fd35e1c6a597cd', 'kudu.master_addresses'='blade-198-18-1-2:7051,blade-198-18-1-3:7051,blade-198-18-1-4:7051') |
+-------------------------------------------------------------------------------------------------------------------------------------------------------------------+


